<?xml version="1.0" encoding="utf-8"?><testsuites name="pytest tests"><testsuite name="pytest" errors="0" failures="0" skipped="0" tests="10" time="1.885" timestamp="2026-05-01T14:50:00.333879+00:00" hostname="agent-env-952d6988-14ce-45f5-9cf1-827f39f351cf"><testcase classname="backend.tests.test_ayurai" name="test_root" time="0.257" /><testcase classname="backend.tests.test_ayurai" name="test_options" time="0.148" /><testcase classname="backend.tests.test_ayurai" name="test_analyze_valid" time="0.162" /><testcase classname="backend.tests.test_ayurai" name="test_analyze_vata_dominant" time="0.153" /><testcase classname="backend.tests.test_ayurai" name="test_analyze_pitta_dominant" time="0.148" /><testcase classname="backend.tests.test_ayurai" name="test_analyze_kapha_dominant" time="0.154" /><testcase classname="backend.tests.test_ayurai" name="test_analyze_invalid_lifestyle" time="0.152" /><testcase classname="backend.tests.test_ayurai" name="test_analyze_age_zero" time="0.114" /><testcase classname="backend.tests.test_ayurai" name="test_analyze_age_150" time="0.110" /><testcase classname="backend.tests.test_ayurai" name="test_history_and_delete" time="0.338" /></testsuite></testsuites>